# JRE version: OpenJDK Runtime Environment (8.0_302-b08) (build 1.8.0_302-b08)
# Java VM: OpenJDK 64-Bit Server VM (25.302-b08 mixed mode windows-amd64 compressed oops)
Heap:
 PSYoungGen      total 333312K, used 316302K [0x0000000715980000, 0x000000072c200000, 0x00000007c0000000)
  eden space 326144K, 96% used [0x0000000715980000,0x0000000728d581d0,0x0000000729800000)
  from space 7168K, 14% used [0x000000072bb00000,0x000000072bc0b890,0x000000072c200000)
  to   space 21504K, 0% used [0x0000000729800000,0x0000000729800000,0x000000072ad00000)
 ParOldGen       total 239104K, used 20922K [0x00000005c0c00000, 0x00000005cf580000, 0x0000000715980000)
  object space 239104K, 8% used [0x00000005c0c00000,0x00000005c206e9d8,0x00000005cf580000)
 Metaspace       used 24564K, capacity 24887K, committed 25088K, reserved 1071104K
  class space    used 2902K, capacity 3000K, committed 3072K, reserved 1048576K
GC Heap History (10 events):
Event: 0.840 GC heap before
{Heap before GC invocations=1 (full 0):
 PSYoungGen      total 153088K, used 131584K [0x0000000715980000, 0x0000000720400000, 0x00000007c0000000)
  eden space 131584K, 100% used [0x0000000715980000,0x000000071da00000,0x000000071da00000)
  from space 21504K, 0% used [0x000000071ef00000,0x000000071ef00000,0x0000000720400000)
  to   space 21504K, 0% used [0x000000071da00000,0x000000071da00000,0x000000071ef00000)
 ParOldGen       total 349696K, used 0K [0x00000005c0c00000, 0x00000005d6180000, 0x0000000715980000)
  object space 349696K, 0% used [0x00000005c0c00000,0x00000005c0c00000,0x00000005d6180000)
 Metaspace       used 15447K, capacity 15658K, committed 15872K, reserved 1062912K
  class space    used 1992K, capacity 2047K, committed 2048K, reserved 1048576K
Event: 0.849 GC heap after
Heap after GC invocations=1 (full 0):
 PSYoungGen      total 153088K, used 21502K [0x0000000715980000, 0x0000000728480000, 0x00000007c0000000)
  eden space 131584K, 0% used [0x0000000715980000,0x0000000715980000,0x000000071da00000)
  from space 21504K, 99% used [0x000000071da00000,0x000000071eeffa70,0x000000071ef00000)
  to   space 21504K, 0% used [0x0000000726f80000,0x0000000726f80000,0x0000000728480000)
 ParOldGen       total 349696K, used 3409K [0x00000005c0c00000, 0x00000005d6180000, 0x0000000715980000)
  object space 349696K, 0% used [0x00000005c0c00000,0x00000005c0f54780,0x00000005d6180000)
 Metaspace       used 15447K, capacity 15658K, committed 15872K, reserved 1062912K
  class space    used 1992K, capacity 2047K, committed 2048K, reserved 1048576K
}
Event: 1.413 GC heap before
{Heap before GC invocations=2 (full 0):
 PSYoungGen      total 153088K, used 97124K [0x0000000715980000, 0x0000000728480000, 0x00000007c0000000)
  eden space 131584K, 57% used [0x0000000715980000,0x000000071a3597f8,0x000000071da00000)
  from space 21504K, 99% used [0x000000071da00000,0x000000071eeffa70,0x000000071ef00000)
  to   space 21504K, 0% used [0x0000000726f80000,0x0000000726f80000,0x0000000728480000)
 ParOldGen       total 349696K, used 3409K [0x00000005c0c00000, 0x00000005d6180000, 0x0000000715980000)
  object space 349696K, 0% used [0x00000005c0c00000,0x00000005c0f54780,0x00000005d6180000)
 Metaspace       used 20875K, capacity 21098K, committed 21248K, reserved 1067008K
  class space    used 2635K, capacity 2723K, committed 2816K, reserved 1048576K
Event: 1.420 GC heap after
Heap after GC invocations=2 (full 0):
 PSYoungGen      total 284672K, used 21310K [0x0000000715980000, 0x0000000728480000, 0x00000007c0000000)
  eden space 263168K, 0% used [0x0000000715980000,0x0000000715980000,0x0000000725a80000)
  from space 21504K, 99% used [0x0000000726f80000,0x000000072844fba0,0x0000000728480000)
  to   space 21504K, 0% used [0x0000000725a80000,0x0000000725a80000,0x0000000726f80000)
 ParOldGen       total 349696K, used 3433K [0x00000005c0c00000, 0x00000005d6180000, 0x0000000715980000)
  object space 349696K, 0% used [0x00000005c0c00000,0x00000005c0f5a780,0x00000005d6180000)
 Metaspace       used 20875K, capacity 21098K, committed 21248K, reserved 1067008K
  class space    used 2635K, capacity 2723K, committed 2816K, reserved 1048576K
}
Event: 1.420 GC heap before
{Heap before GC invocations=3 (full 1):
 PSYoungGen      total 284672K, used 21310K [0x0000000715980000, 0x0000000728480000, 0x00000007c0000000)
  eden space 263168K, 0% used [0x0000000715980000,0x0000000715980000,0x0000000725a80000)
  from space 21504K, 99% used [0x0000000726f80000,0x000000072844fba0,0x0000000728480000)
  to   space 21504K, 0% used [0x0000000725a80000,0x0000000725a80000,0x0000000726f80000)
 ParOldGen       total 349696K, used 3433K [0x00000005c0c00000, 0x00000005d6180000, 0x0000000715980000)
  object space 349696K, 0% used [0x00000005c0c00000,0x00000005c0f5a780,0x00000005d6180000)
 Metaspace       used 20875K, capacity 21098K, committed 21248K, reserved 1067008K
  class space    used 2635K, capacity 2723K, committed 2816K, reserved 1048576K
Event: 1.449 GC heap after
Heap after GC invocations=3 (full 1):
 PSYoungGen      total 284672K, used 0K [0x0000000715980000, 0x0000000728480000, 0x00000007c0000000)
  eden space 263168K, 0% used [0x0000000715980000,0x0000000715980000,0x0000000725a80000)
  from space 21504K, 0% used [0x0000000726f80000,0x0000000726f80000,0x0000000728480000)
  to   space 21504K, 0% used [0x0000000725a80000,0x0000000725a80000,0x0000000726f80000)
 ParOldGen       total 239104K, used 20874K [0x00000005c0c00000, 0x00000005cf580000, 0x0000000715980000)
  object space 239104K, 8% used [0x00000005c0c00000,0x00000005c20629c8,0x00000005cf580000)
 Metaspace       used 20875K, capacity 21098K, committed 21248K, reserved 1067008K
  class space    used 2635K, capacity 2723K, committed 2816K, reserved 1048576K
}
Event: 5.736 GC heap before
{Heap before GC invocations=4 (full 1):
 PSYoungGen      total 284672K, used 263168K [0x0000000715980000, 0x0000000728480000, 0x00000007c0000000)
  eden space 263168K, 100% used [0x0000000715980000,0x0000000725a80000,0x0000000725a80000)
  from space 21504K, 0% used [0x0000000726f80000,0x0000000726f80000,0x0000000728480000)
  to   space 21504K, 0% used [0x0000000725a80000,0x0000000725a80000,0x0000000726f80000)
 ParOldGen       total 239104K, used 20874K [0x00000005c0c00000, 0x00000005cf580000, 0x0000000715980000)
  object space 239104K, 8% used [0x00000005c0c00000,0x00000005c20629c8,0x00000005cf580000)
 Metaspace       used 24315K, capacity 24627K, committed 24832K, reserved 1071104K
  class space    used 2885K, capacity 2962K, committed 3072K, reserved 1048576K
Event: 5.738 GC heap after
Heap after GC invocations=4 (full 1):
 PSYoungGen      total 284672K, used 2744K [0x0000000715980000, 0x000000072d000000, 0x00000007c0000000)
  eden space 263168K, 0% used [0x0000000715980000,0x0000000715980000,0x0000000725a80000)
  from space 21504K, 12% used [0x0000000725a80000,0x0000000725d2e210,0x0000000726f80000)
  to   space 21504K, 0% used [0x000000072bb00000,0x000000072bb00000,0x000000072d000000)
 ParOldGen       total 239104K, used 20914K [0x00000005c0c00000, 0x00000005cf580000, 0x0000000715980000)
  object space 239104K, 8% used [0x00000005c0c00000,0x00000005c206c9d8,0x00000005cf580000)
 Metaspace       used 24315K, capacity 24627K, committed 24832K, reserved 1071104K
  class space    used 2885K, capacity 2962K, committed 3072K, reserved 1048576K
}
Event: 11.518 GC heap before
{Heap before GC invocations=5 (full 1):
 PSYoungGen      total 284672K, used 265912K [0x0000000715980000, 0x000000072d000000, 0x00000007c0000000)
  eden space 263168K, 100% used [0x0000000715980000,0x0000000725a80000,0x0000000725a80000)
  from space 21504K, 12% used [0x0000000725a80000,0x0000000725d2e210,0x0000000726f80000)
  to   space 21504K, 0% used [0x000000072bb00000,0x000000072bb00000,0x000000072d000000)
 ParOldGen       total 239104K, used 20914K [0x00000005c0c00000, 0x00000005cf580000, 0x0000000715980000)
  object space 239104K, 8% used [0x00000005c0c00000,0x00000005c206c9d8,0x00000005cf580000)
 Metaspace       used 24449K, capacity 24727K, committed 25088K, reserved 1071104K
  class space    used 2890K, capacity 2968K, committed 3072K, reserved 1048576K
Event: 11.520 GC heap after
Heap after GC invocations=5 (full 1):
 PSYoungGen      total 333312K, used 1070K [0x0000000715980000, 0x000000072c200000, 0x00000007c0000000)
  eden space 326144K, 0% used [0x0000000715980000,0x0000000715980000,0x0000000729800000)
  from space 7168K, 14% used [0x000000072bb00000,0x000000072bc0b890,0x000000072c200000)
  to   space 21504K, 0% used [0x0000000729800000,0x0000000729800000,0x000000072ad00000)
 ParOldGen       total 239104K, used 20922K [0x00000005c0c00000, 0x00000005cf580000, 0x0000000715980000)
  object space 239104K, 8% used [0x00000005c0c00000,0x00000005c206e9d8,0x00000005cf580000)
 Metaspace       used 24449K, capacity 24727K, committed 25088K, reserved 1071104K
  class space    used 2890K, capacity 2968K, committed 3072K, reserved 1048576K
}

