# JRE version: OpenJDK Runtime Environment (8.0_302-b08) (build 1.8.0_302-b08)
# Java VM: OpenJDK 64-Bit Server VM (25.302-b08 mixed mode windows-amd64 compressed oops)
Heap:
 PSYoungGen      total 182272K, used 90838K [0x0000000715980000, 0x0000000722780000, 0x00000007c0000000)
  eden space 167936K, 53% used [0x0000000715980000,0x000000071b12a0e0,0x000000071fd80000)
  from space 14336K, 7% used [0x0000000721980000,0x0000000721a8b890,0x0000000722780000)
  to   space 21504K, 0% used [0x000000071fd80000,0x000000071fd80000,0x0000000721280000)
 ParOldGen       total 239104K, used 53638K [0x00000005c0c00000, 0x00000005cf580000, 0x0000000715980000)
  object space 239104K, 22% used [0x00000005c0c00000,0x00000005c4061ac0,0x00000005cf580000)
 Metaspace       used 24251K, capacity 24587K, committed 24832K, reserved 1071104K
  class space    used 2873K, capacity 2966K, committed 3072K, reserved 1048576K
GC Heap History (10 events):
Event: 1.183 GC heap before
{Heap before GC invocations=1 (full 0):
 PSYoungGen      total 153088K, used 131584K [0x0000000715980000, 0x0000000720400000, 0x00000007c0000000)
  eden space 131584K, 100% used [0x0000000715980000,0x000000071da00000,0x000000071da00000)
  from space 21504K, 0% used [0x000000071ef00000,0x000000071ef00000,0x0000000720400000)
  to   space 21504K, 0% used [0x000000071da00000,0x000000071da00000,0x000000071ef00000)
 ParOldGen       total 349696K, used 0K [0x00000005c0c00000, 0x00000005d6180000, 0x0000000715980000)
  object space 349696K, 0% used [0x00000005c0c00000,0x00000005c0c00000,0x00000005d6180000)
 Metaspace       used 15441K, capacity 15626K, committed 15872K, reserved 1062912K
  class space    used 1986K, capacity 2015K, committed 2048K, reserved 1048576K
Event: 1.192 GC heap after
Heap after GC invocations=1 (full 0):
 PSYoungGen      total 153088K, used 21491K [0x0000000715980000, 0x0000000720400000, 0x00000007c0000000)
  eden space 131584K, 0% used [0x0000000715980000,0x0000000715980000,0x000000071da00000)
  from space 21504K, 99% used [0x000000071da00000,0x000000071eefce30,0x000000071ef00000)
  to   space 21504K, 0% used [0x000000071ef00000,0x000000071ef00000,0x0000000720400000)
 ParOldGen       total 349696K, used 3435K [0x00000005c0c00000, 0x00000005d6180000, 0x0000000715980000)
  object space 349696K, 0% used [0x00000005c0c00000,0x00000005c0f5ad40,0x00000005d6180000)
 Metaspace       used 15441K, capacity 15626K, committed 15872K, reserved 1062912K
  class space    used 1986K, capacity 2015K, committed 2048K, reserved 1048576K
}
Event: 1.828 GC heap before
{Heap before GC invocations=2 (full 0):
 PSYoungGen      total 153088K, used 93530K [0x0000000715980000, 0x0000000720400000, 0x00000007c0000000)
  eden space 131584K, 54% used [0x0000000715980000,0x0000000719fd9b78,0x000000071da00000)
  from space 21504K, 99% used [0x000000071da00000,0x000000071eefce30,0x000000071ef00000)
  to   space 21504K, 0% used [0x000000071ef00000,0x000000071ef00000,0x0000000720400000)
 ParOldGen       total 349696K, used 3435K [0x00000005c0c00000, 0x00000005d6180000, 0x0000000715980000)
  object space 349696K, 0% used [0x00000005c0c00000,0x00000005c0f5ad40,0x00000005d6180000)
 Metaspace       used 20874K, capacity 21066K, committed 21248K, reserved 1067008K
  class space    used 2627K, capacity 2691K, committed 2816K, reserved 1048576K
Event: 1.836 GC heap after
Heap after GC invocations=2 (full 0):
 PSYoungGen      total 153088K, used 21206K [0x0000000715980000, 0x0000000720400000, 0x00000007c0000000)
  eden space 131584K, 0% used [0x0000000715980000,0x0000000715980000,0x000000071da00000)
  from space 21504K, 98% used [0x000000071ef00000,0x00000007203b58a0,0x0000000720400000)
  to   space 21504K, 0% used [0x000000071da00000,0x000000071da00000,0x000000071ef00000)
 ParOldGen       total 349696K, used 3459K [0x00000005c0c00000, 0x00000005d6180000, 0x0000000715980000)
  object space 349696K, 0% used [0x00000005c0c00000,0x00000005c0f60d40,0x00000005d6180000)
 Metaspace       used 20874K, capacity 21066K, committed 21248K, reserved 1067008K
  class space    used 2627K, capacity 2691K, committed 2816K, reserved 1048576K
}
Event: 1.836 GC heap before
{Heap before GC invocations=3 (full 1):
 PSYoungGen      total 153088K, used 21206K [0x0000000715980000, 0x0000000720400000, 0x00000007c0000000)
  eden space 131584K, 0% used [0x0000000715980000,0x0000000715980000,0x000000071da00000)
  from space 21504K, 98% used [0x000000071ef00000,0x00000007203b58a0,0x0000000720400000)
  to   space 21504K, 0% used [0x000000071da00000,0x000000071da00000,0x000000071ef00000)
 ParOldGen       total 349696K, used 3459K [0x00000005c0c00000, 0x00000005d6180000, 0x0000000715980000)
  object space 349696K, 0% used [0x00000005c0c00000,0x00000005c0f60d40,0x00000005d6180000)
 Metaspace       used 20874K, capacity 21066K, committed 21248K, reserved 1067008K
  class space    used 2627K, capacity 2691K, committed 2816K, reserved 1048576K
Event: 1.867 GC heap after
Heap after GC invocations=3 (full 1):
 PSYoungGen      total 153088K, used 0K [0x0000000715980000, 0x0000000720400000, 0x00000007c0000000)
  eden space 131584K, 0% used [0x0000000715980000,0x0000000715980000,0x000000071da00000)
  from space 21504K, 0% used [0x000000071ef00000,0x000000071ef00000,0x0000000720400000)
  to   space 21504K, 0% used [0x000000071da00000,0x000000071da00000,0x000000071ef00000)
 ParOldGen       total 239104K, used 20822K [0x00000005c0c00000, 0x00000005cf580000, 0x0000000715980000)
  object space 239104K, 8% used [0x00000005c0c00000,0x00000005c2055aa0,0x00000005cf580000)
 Metaspace       used 20874K, capacity 21066K, committed 21248K, reserved 1067008K
  class space    used 2627K, capacity 2691K, committed 2816K, reserved 1048576K
}
Event: 4.606 GC heap before
{Heap before GC invocations=4 (full 1):
 PSYoungGen      total 153088K, used 128720K [0x0000000715980000, 0x0000000720400000, 0x00000007c0000000)
  eden space 131584K, 97% used [0x0000000715980000,0x000000071d734080,0x000000071da00000)
  from space 21504K, 0% used [0x000000071ef00000,0x000000071ef00000,0x0000000720400000)
  to   space 21504K, 0% used [0x000000071da00000,0x000000071da00000,0x000000071ef00000)
 ParOldGen       total 239104K, used 20822K [0x00000005c0c00000, 0x00000005cf580000, 0x0000000715980000)
  object space 239104K, 8% used [0x00000005c0c00000,0x00000005c2055aa0,0x00000005cf580000)
 Metaspace       used 24064K, capacity 24323K, committed 24576K, reserved 1071104K
  class space    used 2863K, capacity 2954K, committed 3072K, reserved 1048576K
Event: 4.618 GC heap after
Heap after GC invocations=4 (full 1):
 PSYoungGen      total 153088K, used 2787K [0x0000000715980000, 0x0000000722e80000, 0x00000007c0000000)
  eden space 131584K, 0% used [0x0000000715980000,0x0000000715980000,0x000000071da00000)
  from space 21504K, 12% used [0x000000071da00000,0x000000071dcb8dd0,0x000000071ef00000)
  to   space 21504K, 0% used [0x0000000721980000,0x0000000721980000,0x0000000722e80000)
 ParOldGen       total 239104K, used 53630K [0x00000005c0c00000, 0x00000005cf580000, 0x0000000715980000)
  object space 239104K, 22% used [0x00000005c0c00000,0x00000005c405fac0,0x00000005cf580000)
 Metaspace       used 24064K, capacity 24323K, committed 24576K, reserved 1071104K
  class space    used 2863K, capacity 2954K, committed 3072K, reserved 1048576K
}
Event: 6.897 GC heap before
{Heap before GC invocations=5 (full 1):
 PSYoungGen      total 153088K, used 134371K [0x0000000715980000, 0x0000000722e80000, 0x00000007c0000000)
  eden space 131584K, 100% used [0x0000000715980000,0x000000071da00000,0x000000071da00000)
  from space 21504K, 12% used [0x000000071da00000,0x000000071dcb8dd0,0x000000071ef00000)
  to   space 21504K, 0% used [0x0000000721980000,0x0000000721980000,0x0000000722e80000)
 ParOldGen       total 239104K, used 53630K [0x00000005c0c00000, 0x00000005cf580000, 0x0000000715980000)
  object space 239104K, 22% used [0x00000005c0c00000,0x00000005c405fac0,0x00000005cf580000)
 Metaspace       used 24193K, capacity 24517K, committed 24832K, reserved 1071104K
  class space    used 2871K, capacity 2965K, committed 3072K, reserved 1048576K
Event: 6.898 GC heap after
Heap after GC invocations=5 (full 1):
 PSYoungGen      total 182272K, used 1070K [0x0000000715980000, 0x0000000722780000, 0x00000007c0000000)
  eden space 167936K, 0% used [0x0000000715980000,0x0000000715980000,0x000000071fd80000)
  from space 14336K, 7% used [0x0000000721980000,0x0000000721a8b890,0x0000000722780000)
  to   space 21504K, 0% used [0x000000071fd80000,0x000000071fd80000,0x0000000721280000)
 ParOldGen       total 239104K, used 53638K [0x00000005c0c00000, 0x00000005cf580000, 0x0000000715980000)
  object space 239104K, 22% used [0x00000005c0c00000,0x00000005c4061ac0,0x00000005cf580000)
 Metaspace       used 24193K, capacity 24517K, committed 24832K, reserved 1071104K
  class space    used 2871K, capacity 2965K, committed 3072K, reserved 1048576K
}

