# JRE version: OpenJDK Runtime Environment (8.0_302-b08) (build 1.8.0_302-b08)
# Java VM: OpenJDK 64-Bit Server VM (25.302-b08 mixed mode windows-amd64 compressed oops)
Heap:
 PSYoungGen      total 284672K, used 239809K [0x0000000715980000, 0x0000000728480000, 0x00000007c0000000)
  eden space 263168K, 91% used [0x0000000715980000,0x00000007243b0790,0x0000000725a80000)
  from space 21504K, 0% used [0x0000000726f80000,0x0000000726f80000,0x0000000728480000)
  to   space 21504K, 0% used [0x0000000725a80000,0x0000000725a80000,0x0000000726f80000)
 ParOldGen       total 238592K, used 20701K [0x00000005c0c00000, 0x00000005cf500000, 0x0000000715980000)
  object space 238592K, 8% used [0x00000005c0c00000,0x00000005c2037740,0x00000005cf500000)
 Metaspace       used 23865K, capacity 24187K, committed 24576K, reserved 1071104K
  class space    used 2843K, capacity 2960K, committed 3072K, reserved 1048576K
GC Heap History (6 events):
Event: 0.853 GC heap before
{Heap before GC invocations=1 (full 0):
 PSYoungGen      total 153088K, used 131584K [0x0000000715980000, 0x0000000720400000, 0x00000007c0000000)
  eden space 131584K, 100% used [0x0000000715980000,0x000000071da00000,0x000000071da00000)
  from space 21504K, 0% used [0x000000071ef00000,0x000000071ef00000,0x0000000720400000)
  to   space 21504K, 0% used [0x000000071da00000,0x000000071da00000,0x000000071ef00000)
 ParOldGen       total 349696K, used 0K [0x00000005c0c00000, 0x00000005d6180000, 0x0000000715980000)
  object space 349696K, 0% used [0x00000005c0c00000,0x00000005c0c00000,0x00000005d6180000)
 Metaspace       used 15472K, capacity 15658K, committed 15872K, reserved 1062912K
  class space    used 1998K, capacity 2047K, committed 2048K, reserved 1048576K
Event: 0.863 GC heap after
Heap after GC invocations=1 (full 0):
 PSYoungGen      total 153088K, used 21491K [0x0000000715980000, 0x0000000728480000, 0x00000007c0000000)
  eden space 131584K, 0% used [0x0000000715980000,0x0000000715980000,0x000000071da00000)
  from space 21504K, 99% used [0x000000071da00000,0x000000071eefcf10,0x000000071ef00000)
  to   space 21504K, 0% used [0x0000000726f80000,0x0000000726f80000,0x0000000728480000)
 ParOldGen       total 349696K, used 3438K [0x00000005c0c00000, 0x00000005d6180000, 0x0000000715980000)
  object space 349696K, 0% used [0x00000005c0c00000,0x00000005c0f5bbf8,0x00000005d6180000)
 Metaspace       used 15472K, capacity 15658K, committed 15872K, reserved 1062912K
  class space    used 1998K, capacity 2047K, committed 2048K, reserved 1048576K
}
Event: 1.393 GC heap before
{Heap before GC invocations=2 (full 0):
 PSYoungGen      total 153088K, used 82721K [0x0000000715980000, 0x0000000728480000, 0x00000007c0000000)
  eden space 131584K, 46% used [0x0000000715980000,0x000000071954b688,0x000000071da00000)
  from space 21504K, 99% used [0x000000071da00000,0x000000071eefcf10,0x000000071ef00000)
  to   space 21504K, 0% used [0x0000000726f80000,0x0000000726f80000,0x0000000728480000)
 ParOldGen       total 349696K, used 3438K [0x00000005c0c00000, 0x00000005d6180000, 0x0000000715980000)
  object space 349696K, 0% used [0x00000005c0c00000,0x00000005c0f5bbf8,0x00000005d6180000)
 Metaspace       used 20860K, capacity 21098K, committed 21248K, reserved 1067008K
  class space    used 2634K, capacity 2723K, committed 2816K, reserved 1048576K
Event: 1.401 GC heap after
Heap after GC invocations=2 (full 0):
 PSYoungGen      total 284672K, used 21120K [0x0000000715980000, 0x0000000728480000, 0x00000007c0000000)
  eden space 263168K, 0% used [0x0000000715980000,0x0000000715980000,0x0000000725a80000)
  from space 21504K, 98% used [0x0000000726f80000,0x0000000728420318,0x0000000728480000)
  to   space 21504K, 0% used [0x0000000725a80000,0x0000000725a80000,0x0000000726f80000)
 ParOldGen       total 349696K, used 3462K [0x00000005c0c00000, 0x00000005d6180000, 0x0000000715980000)
  object space 349696K, 0% used [0x00000005c0c00000,0x00000005c0f61bf8,0x00000005d6180000)
 Metaspace       used 20860K, capacity 21098K, committed 21248K, reserved 1067008K
  class space    used 2634K, capacity 2723K, committed 2816K, reserved 1048576K
}
Event: 1.401 GC heap before
{Heap before GC invocations=3 (full 1):
 PSYoungGen      total 284672K, used 21120K [0x0000000715980000, 0x0000000728480000, 0x00000007c0000000)
  eden space 263168K, 0% used [0x0000000715980000,0x0000000715980000,0x0000000725a80000)
  from space 21504K, 98% used [0x0000000726f80000,0x0000000728420318,0x0000000728480000)
  to   space 21504K, 0% used [0x0000000725a80000,0x0000000725a80000,0x0000000726f80000)
 ParOldGen       total 349696K, used 3462K [0x00000005c0c00000, 0x00000005d6180000, 0x0000000715980000)
  object space 349696K, 0% used [0x00000005c0c00000,0x00000005c0f61bf8,0x00000005d6180000)
 Metaspace       used 20860K, capacity 21098K, committed 21248K, reserved 1067008K
  class space    used 2634K, capacity 2723K, committed 2816K, reserved 1048576K
Event: 1.431 GC heap after
Heap after GC invocations=3 (full 1):
 PSYoungGen      total 284672K, used 0K [0x0000000715980000, 0x0000000728480000, 0x00000007c0000000)
  eden space 263168K, 0% used [0x0000000715980000,0x0000000715980000,0x0000000725a80000)
  from space 21504K, 0% used [0x0000000726f80000,0x0000000726f80000,0x0000000728480000)
  to   space 21504K, 0% used [0x0000000725a80000,0x0000000725a80000,0x0000000726f80000)
 ParOldGen       total 238592K, used 20701K [0x00000005c0c00000, 0x00000005cf500000, 0x0000000715980000)
  object space 238592K, 8% used [0x00000005c0c00000,0x00000005c2037740,0x00000005cf500000)
 Metaspace       used 20860K, capacity 21098K, committed 21248K, reserved 1067008K
  class space    used 2634K, capacity 2723K, committed 2816K, reserved 1048576K
}

